{
  "stats": {
    "suites": 1,
    "tests": 5,
    "passes": 5,
    "pending": 0,
    "failures": 0,
    "start": "2024-06-24T04:06:20.738Z",
    "end": "2024-06-24T04:06:24.912Z",
    "duration": 4174,
    "testsRegistered": 5,
    "passPercent": 100,
    "pendingPercent": 0,
    "other": 0,
    "hasOther": false,
    "skipped": 0,
    "hasSkipped": false
  },
  "results": [
    {
      "uuid": "f046777e-3b0a-4e98-a69a-dfa9fdee508b",
      "title": "",
      "fullFile": "/Users/audiaws/Documents/mini-case-BNI/gorest-api-test/apiTests.mjs",
      "file": "/apiTests.mjs",
      "beforeHooks": [],
      "afterHooks": [],
      "tests": [],
      "suites": [
        {
          "uuid": "0488be5c-a592-400a-9c18-896bc5682a7a",
          "title": "GoRest API Tests",
          "fullFile": "/Users/audiaws/Documents/mini-case-BNI/gorest-api-test/apiTests.mjs",
          "file": "/apiTests.mjs",
          "beforeHooks": [],
          "afterHooks": [],
          "tests": [
            {
              "title": "should create a new user",
              "fullTitle": "GoRest API Tests should create a new user",
              "timedOut": false,
              "duration": 1711,
              "state": "passed",
              "speed": "slow",
              "pass": true,
              "fail": false,
              "pending": false,
              "context": null,
              "code": "const response = await api.post('/users', {\n  name: 'Audia',\n  gender: 'female',\n  email: `audiaws.${Date.now()}@example.com`,\n  status: 'active'\n});\nexpect(response.status).to.equal(201);\nexpect(response.data).to.have.property('id');\nuserId = response.data.id;",
              "err": {},
              "uuid": "e0d0fe31-1db4-40ba-aba5-8a6752ffcdf5",
              "parentUUID": "0488be5c-a592-400a-9c18-896bc5682a7a",
              "isHook": false,
              "skipped": false
            },
            {
              "title": "should get user details",
              "fullTitle": "GoRest API Tests should get user details",
              "timedOut": false,
              "duration": 594,
              "state": "passed",
              "speed": "slow",
              "pass": true,
              "fail": false,
              "pending": false,
              "context": null,
              "code": "const response = await api.get(`/users/${userId}`);\nexpect(response.status).to.equal(200);\nexpect(response.data).to.have.property('id', userId);",
              "err": {},
              "uuid": "d1763c2d-a9cb-4d35-8bfd-a10c80d24585",
              "parentUUID": "0488be5c-a592-400a-9c18-896bc5682a7a",
              "isHook": false,
              "skipped": false
            },
            {
              "title": "should update user details",
              "fullTitle": "GoRest API Tests should update user details",
              "timedOut": false,
              "duration": 602,
              "state": "passed",
              "speed": "slow",
              "pass": true,
              "fail": false,
              "pending": false,
              "context": null,
              "code": "const response = await api.put(`/users/${userId}`, {\n  name: 'Audia Updated',\n  status: 'inactive'\n});\nexpect(response.status).to.equal(200);\nexpect(response.data).to.have.property('name', 'Audia Updated');",
              "err": {},
              "uuid": "90d66278-49a5-4ab1-b272-f4c1814e4fc6",
              "parentUUID": "0488be5c-a592-400a-9c18-896bc5682a7a",
              "isHook": false,
              "skipped": false
            },
            {
              "title": "should delete the user",
              "fullTitle": "GoRest API Tests should delete the user",
              "timedOut": false,
              "duration": 578,
              "state": "passed",
              "speed": "slow",
              "pass": true,
              "fail": false,
              "pending": false,
              "context": null,
              "code": "const response = await api.delete(`/users/${userId}`);\nexpect(response.status).to.equal(204);",
              "err": {},
              "uuid": "ff75ef15-c65d-4655-b5f5-95edebf917a5",
              "parentUUID": "0488be5c-a592-400a-9c18-896bc5682a7a",
              "isHook": false,
              "skipped": false
            },
            {
              "title": "should return 404 for non-existing user",
              "fullTitle": "GoRest API Tests should return 404 for non-existing user",
              "timedOut": false,
              "duration": 682,
              "state": "passed",
              "speed": "slow",
              "pass": true,
              "fail": false,
              "pending": false,
              "context": null,
              "code": "try {\n  await api.get(`/users/9999999`);\n} catch (error) {\n  expect(error.response.status).to.equal(404);\n}",
              "err": {},
              "uuid": "43362604-4c0c-47ad-9007-634ca03b9675",
              "parentUUID": "0488be5c-a592-400a-9c18-896bc5682a7a",
              "isHook": false,
              "skipped": false
            }
          ],
          "suites": [],
          "passes": [
            "e0d0fe31-1db4-40ba-aba5-8a6752ffcdf5",
            "d1763c2d-a9cb-4d35-8bfd-a10c80d24585",
            "90d66278-49a5-4ab1-b272-f4c1814e4fc6",
            "ff75ef15-c65d-4655-b5f5-95edebf917a5",
            "43362604-4c0c-47ad-9007-634ca03b9675"
          ],
          "failures": [],
          "pending": [],
          "skipped": [],
          "duration": 4167,
          "root": false,
          "rootEmpty": false,
          "_timeout": 2000
        }
      ],
      "passes": [],
      "failures": [],
      "pending": [],
      "skipped": [],
      "duration": 0,
      "root": true,
      "rootEmpty": true,
      "_timeout": 2000
    }
  ],
  "meta": {
    "mocha": {
      "version": "10.4.0"
    },
    "mochawesome": {
      "options": {
        "quiet": false,
        "reportFilename": "mochawesome",
        "saveHtml": true,
        "saveJson": true,
        "consoleReporter": "spec",
        "useInlineDiffs": false,
        "code": true
      },
      "version": "7.1.3"
    },
    "marge": {
      "options": null,
      "version": "6.2.0"
    }
  }
}