{
  "stats": {
    "suites": 1,
    "tests": 5,
    "passes": 5,
    "pending": 0,
    "failures": 0,
    "start": "2024-06-26T02:52:30.379Z",
    "end": "2024-06-26T02:52:35.005Z",
    "duration": 4626,
    "testsRegistered": 5,
    "passPercent": 100,
    "pendingPercent": 0,
    "other": 0,
    "hasOther": false,
    "skipped": 0,
    "hasSkipped": false
  },
  "results": [
    {
      "uuid": "df37d088-ed8d-4ac3-a66c-03f2b9f6a8d6",
      "title": "",
      "fullFile": "/Users/audiaws/Documents/mini-case-BNI/gorest-api-test/apiTests.mjs",
      "file": "/apiTests.mjs",
      "beforeHooks": [],
      "afterHooks": [],
      "tests": [],
      "suites": [
        {
          "uuid": "23284206-df6a-45cf-9dc3-33e885a89eb2",
          "title": "GoRest API Tests",
          "fullFile": "/Users/audiaws/Documents/mini-case-BNI/gorest-api-test/apiTests.mjs",
          "file": "/apiTests.mjs",
          "beforeHooks": [],
          "afterHooks": [],
          "tests": [
            {
              "title": "should create a new user",
              "fullTitle": "GoRest API Tests should create a new user",
              "timedOut": false,
              "duration": 1842,
              "state": "passed",
              "speed": "slow",
              "pass": true,
              "fail": false,
              "pending": false,
              "context": null,
              "code": "const response = await api.post('/users', {\n  name: 'Audia',\n  gender: 'female',\n  email: `audiaws.${Date.now()}@example.com`,\n  status: 'active'\n});\nexpect(response.status).to.equal(201);\nexpect(response.data).to.have.property('id');\nuserId = response.data.id;",
              "err": {},
              "uuid": "82b83a8c-af93-4117-93bf-1e06bb92a0e3",
              "parentUUID": "23284206-df6a-45cf-9dc3-33e885a89eb2",
              "isHook": false,
              "skipped": false
            },
            {
              "title": "should get user details",
              "fullTitle": "GoRest API Tests should get user details",
              "timedOut": false,
              "duration": 654,
              "state": "passed",
              "speed": "slow",
              "pass": true,
              "fail": false,
              "pending": false,
              "context": null,
              "code": "const response = await api.get(`/users/${userId}`);\nexpect(response.status).to.equal(200);\nexpect(response.data).to.have.property('id', userId);",
              "err": {},
              "uuid": "75323a1d-eb22-42bf-8989-c947918af8af",
              "parentUUID": "23284206-df6a-45cf-9dc3-33e885a89eb2",
              "isHook": false,
              "skipped": false
            },
            {
              "title": "should update user details",
              "fullTitle": "GoRest API Tests should update user details",
              "timedOut": false,
              "duration": 699,
              "state": "passed",
              "speed": "slow",
              "pass": true,
              "fail": false,
              "pending": false,
              "context": null,
              "code": "const response = await api.put(`/users/${userId}`, {\n  name: 'Audia Updated',\n  status: 'inactive'\n});\nexpect(response.status).to.equal(200);\nexpect(response.data).to.have.property('name', 'Audia Updated');",
              "err": {},
              "uuid": "4f1d0747-2ce5-411f-8383-8c503de83354",
              "parentUUID": "23284206-df6a-45cf-9dc3-33e885a89eb2",
              "isHook": false,
              "skipped": false
            },
            {
              "title": "should delete the user",
              "fullTitle": "GoRest API Tests should delete the user",
              "timedOut": false,
              "duration": 817,
              "state": "passed",
              "speed": "slow",
              "pass": true,
              "fail": false,
              "pending": false,
              "context": null,
              "code": "const response = await api.delete(`/users/${userId}`);\nexpect(response.status).to.equal(204);",
              "err": {},
              "uuid": "896dafd4-96b0-4720-b391-c23290956c64",
              "parentUUID": "23284206-df6a-45cf-9dc3-33e885a89eb2",
              "isHook": false,
              "skipped": false
            },
            {
              "title": "should return 404 for non-existing user",
              "fullTitle": "GoRest API Tests should return 404 for non-existing user",
              "timedOut": false,
              "duration": 607,
              "state": "passed",
              "speed": "slow",
              "pass": true,
              "fail": false,
              "pending": false,
              "context": null,
              "code": "try {\n  await api.get(`/users/9999999`);\n} catch (error) {\n  expect(error.response.status).to.equal(404);\n}",
              "err": {},
              "uuid": "fe5aaf28-5ad3-4b8d-9e10-1b10f830d261",
              "parentUUID": "23284206-df6a-45cf-9dc3-33e885a89eb2",
              "isHook": false,
              "skipped": false
            }
          ],
          "suites": [],
          "passes": [
            "82b83a8c-af93-4117-93bf-1e06bb92a0e3",
            "75323a1d-eb22-42bf-8989-c947918af8af",
            "4f1d0747-2ce5-411f-8383-8c503de83354",
            "896dafd4-96b0-4720-b391-c23290956c64",
            "fe5aaf28-5ad3-4b8d-9e10-1b10f830d261"
          ],
          "failures": [],
          "pending": [],
          "skipped": [],
          "duration": 4619,
          "root": false,
          "rootEmpty": false,
          "_timeout": 2000
        }
      ],
      "passes": [],
      "failures": [],
      "pending": [],
      "skipped": [],
      "duration": 0,
      "root": true,
      "rootEmpty": true,
      "_timeout": 2000
    }
  ],
  "meta": {
    "mocha": {
      "version": "10.4.0"
    },
    "mochawesome": {
      "options": {
        "quiet": false,
        "reportFilename": "mochawesome",
        "saveHtml": true,
        "saveJson": true,
        "consoleReporter": "spec",
        "useInlineDiffs": false,
        "code": true
      },
      "version": "7.1.3"
    },
    "marge": {
      "options": null,
      "version": "6.2.0"
    }
  }
}